<?xml version="1.0" encoding="UTF-8"?>
<testsuite name="org.example.utils.TestStrategy" tests="2" skipped="0" failures="0" errors="0" timestamp="2025-07-23T18:09:11" hostname="DESKTOP-A5D306E" time="0.019">
  <properties/>
  <testcase name="calculateAirShipping()" classname="org.example.utils.TestStrategy" time="0.017"/>
  <testcase name="calculateTruckShipping()" classname="org.example.utils.TestStrategy" time="0.001"/>
  <system-out><![CDATA[]]></system-out>
  <system-err><![CDATA[]]></system-err>
</testsuite>
