<?xml version="1.0" encoding="UTF-8"?>
<testsuite name="org.example.utils.TestStrategy" tests="3" skipped="0" failures="0" errors="0" timestamp="2025-07-24T18:18:35" hostname="DESKTOP-A5D306E" time="0.007">
  <properties/>
  <testcase name="calculateBoatShipping()" classname="org.example.utils.TestStrategy" time="0.003"/>
  <testcase name="calculateAirShipping()" classname="org.example.utils.TestStrategy" time="0.001"/>
  <testcase name="calculateTruckShipping()" classname="org.example.utils.TestStrategy" time="0.001"/>
  <system-out><![CDATA[]]></system-out>
  <system-err><![CDATA[]]></system-err>
</testsuite>
